# JRE version: OpenJDK Runtime Environment Temurin-21.0.10+7 (21.0.10+7) (build 21.0.10+7-LTS)
# Java VM: OpenJDK 64-Bit Server VM Temurin-21.0.10+7 (21.0.10+7-LTS, mixed mode, sharing, tiered, compressed oops, compressed class ptrs, parallel gc, windows-amd64)
GC Precious Log:
 CardTable entry size: 512
 CPUs: 12 total, 12 available
 Memory: 14226M
 Large Page Support: Disabled
 NUMA Support: Disabled
 Compressed Oops: Enabled (32-bit)
 Alignments: Space 512K, Generation 512K, Heap 2M
 Heap Min Capacity: 100M
 Heap Initial Capacity: 100M
 Heap Max Capacity: 2G
 Pre-touch: Disabled
 Parallel Workers: 10
Heap:
 PSYoungGen      total 8192K, used 0K [0x00000000d5580000, 0x00000000d5f80000, 0x0000000100000000)
  eden space 6144K, 0% used [0x00000000d5580000,0x00000000d5580000,0x00000000d5b80000)
  from space 2048K, 0% used [0x00000000d5b80000,0x00000000d5b80000,0x00000000d5d80000)
  to   space 512K, 0% used [0x00000000d5f00000,0x00000000d5f00000,0x00000000d5f80000)
 ParOldGen       total 1398272K, used 1391020K [0x0000000080000000, 0x00000000d5580000, 0x00000000d5580000)
  object space 1398272K, 99% used [0x0000000080000000,0x00000000d4e6b028,0x00000000d5580000)
 Metaspace       used 84023K, committed 85952K, reserved 1179648K
  class space    used 8436K, committed 9280K, reserved 1048576K
GC Heap History (20 events):
Event: 465.714 GC heap after
{Heap after GC invocations=2031 (full 5):
 PSYoungGen      total 5632K, used 506K [0x00000000d5580000, 0x00000000d5e00000, 0x0000000100000000)
  eden space 5120K, 0% used [0x00000000d5580000,0x00000000d5580000,0x00000000d5a80000)
  from space 512K, 98% used [0x00000000d5d80000,0x00000000d5dfe900,0x00000000d5e00000)
  to   space 1024K, 0% used [0x00000000d5c00000,0x00000000d5c00000,0x00000000d5d00000)
 ParOldGen       total 1366528K, used 1366116K [0x0000000080000000, 0x00000000d3680000, 0x00000000d5580000)
  object space 1366528K, 99% used [0x0000000080000000,0x00000000d36190f8,0x00000000d3680000)
 Metaspace       used 83952K, committed 85888K, reserved 1179648K
  class space    used 8435K, committed 9280K, reserved 1048576K
}
Event: 465.721 GC heap before
{Heap before GC invocations=2032 (full 5):
 PSYoungGen      total 5632K, used 5626K [0x00000000d5580000, 0x00000000d5e00000, 0x0000000100000000)
  eden space 5120K, 100% used [0x00000000d5580000,0x00000000d5a80000,0x00000000d5a80000)
  from space 512K, 98% used [0x00000000d5d80000,0x00000000d5dfe900,0x00000000d5e00000)
  to   space 1024K, 0% used [0x00000000d5c00000,0x00000000d5c00000,0x00000000d5d00000)
 ParOldGen       total 1366528K, used 1366116K [0x0000000080000000, 0x00000000d3680000, 0x00000000d5580000)
  object space 1366528K, 99% used [0x0000000080000000,0x00000000d36190f8,0x00000000d3680000)
 Metaspace       used 83953K, committed 85888K, reserved 1179648K
  class space    used 8435K, committed 9280K, reserved 1048576K
}
Event: 465.722 GC heap after
{Heap after GC invocations=2032 (full 5):
 PSYoungGen      total 6144K, used 352K [0x00000000d5580000, 0x00000000d5e00000, 0x0000000100000000)
  eden space 5120K, 0% used [0x00000000d5580000,0x00000000d5580000,0x00000000d5a80000)
  from space 1024K, 34% used [0x00000000d5c00000,0x00000000d5c58000,0x00000000d5d00000)
  to   space 512K, 0% used [0x00000000d5d80000,0x00000000d5d80000,0x00000000d5e00000)
 ParOldGen       total 1367040K, used 1366536K [0x0000000080000000, 0x00000000d3700000, 0x00000000d5580000)
  object space 1367040K, 99% used [0x0000000080000000,0x00000000d36822f8,0x00000000d3700000)
 Metaspace       used 83953K, committed 85888K, reserved 1179648K
  class space    used 8435K, committed 9280K, reserved 1048576K
}
Event: 465.728 GC heap before
{Heap before GC invocations=2033 (full 5):
 PSYoungGen      total 6144K, used 5404K [0x00000000d5580000, 0x00000000d5e00000, 0x0000000100000000)
  eden space 5120K, 98% used [0x00000000d5580000,0x00000000d5a6f2b0,0x00000000d5a80000)
  from space 1024K, 34% used [0x00000000d5c00000,0x00000000d5c58000,0x00000000d5d00000)
  to   space 512K, 0% used [0x00000000d5d80000,0x00000000d5d80000,0x00000000d5e00000)
 ParOldGen       total 1367040K, used 1366536K [0x0000000080000000, 0x00000000d3700000, 0x00000000d5580000)
  object space 1367040K, 99% used [0x0000000080000000,0x00000000d36822f8,0x00000000d3700000)
 Metaspace       used 83959K, committed 85888K, reserved 1179648K
  class space    used 8436K, committed 9280K, reserved 1048576K
}
Event: 465.729 GC heap after
{Heap after GC invocations=2033 (full 5):
 PSYoungGen      total 5632K, used 256K [0x00000000d5580000, 0x00000000d5e00000, 0x0000000100000000)
  eden space 5120K, 0% used [0x00000000d5580000,0x00000000d5580000,0x00000000d5a80000)
  from space 512K, 50% used [0x00000000d5d80000,0x00000000d5dc0000,0x00000000d5e00000)
  to   space 512K, 0% used [0x00000000d5d00000,0x00000000d5d00000,0x00000000d5d80000)
 ParOldGen       total 1367040K, used 1366644K [0x0000000080000000, 0x00000000d3700000, 0x00000000d5580000)
  object space 1367040K, 99% used [0x0000000080000000,0x00000000d369d108,0x00000000d3700000)
 Metaspace       used 83959K, committed 85888K, reserved 1179648K
  class space    used 8436K, committed 9280K, reserved 1048576K
}
Event: 465.741 GC heap before
{Heap before GC invocations=2034 (full 5):
 PSYoungGen      total 5632K, used 5376K [0x00000000d5580000, 0x00000000d5e00000, 0x0000000100000000)
  eden space 5120K, 100% used [0x00000000d5580000,0x00000000d5a80000,0x00000000d5a80000)
  from space 512K, 50% used [0x00000000d5d80000,0x00000000d5dc0000,0x00000000d5e00000)
  to   space 512K, 0% used [0x00000000d5d00000,0x00000000d5d00000,0x00000000d5d80000)
 ParOldGen       total 1367040K, used 1366644K [0x0000000080000000, 0x00000000d3700000, 0x00000000d5580000)
  object space 1367040K, 99% used [0x0000000080000000,0x00000000d369d108,0x00000000d3700000)
 Metaspace       used 84009K, committed 85952K, reserved 1179648K
  class space    used 8436K, committed 9280K, reserved 1048576K
}
Event: 465.743 GC heap after
{Heap after GC invocations=2034 (full 5):
 PSYoungGen      total 5632K, used 500K [0x00000000d5580000, 0x00000000d5e00000, 0x0000000100000000)
  eden space 5120K, 0% used [0x00000000d5580000,0x00000000d5580000,0x00000000d5a80000)
  from space 512K, 97% used [0x00000000d5d00000,0x00000000d5d7d200,0x00000000d5d80000)
  to   space 512K, 0% used [0x00000000d5d80000,0x00000000d5d80000,0x00000000d5e00000)
 ParOldGen       total 1367040K, used 1366820K [0x0000000080000000, 0x00000000d3700000, 0x00000000d5580000)
  object space 1367040K, 99% used [0x0000000080000000,0x00000000d36c9108,0x00000000d3700000)
 Metaspace       used 84009K, committed 85952K, reserved 1179648K
  class space    used 8436K, committed 9280K, reserved 1048576K
}
Event: 466.114 GC heap before
{Heap before GC invocations=2035 (full 5):
 PSYoungGen      total 5632K, used 5620K [0x00000000d5580000, 0x00000000d5e00000, 0x0000000100000000)
  eden space 5120K, 99% used [0x00000000d5580000,0x00000000d5a7fff8,0x00000000d5a80000)
  from space 512K, 97% used [0x00000000d5d00000,0x00000000d5d7d200,0x00000000d5d80000)
  to   space 512K, 0% used [0x00000000d5d80000,0x00000000d5d80000,0x00000000d5e00000)
 ParOldGen       total 1367040K, used 1366820K [0x0000000080000000, 0x00000000d3700000, 0x00000000d5580000)
  object space 1367040K, 99% used [0x0000000080000000,0x00000000d36c9108,0x00000000d3700000)
 Metaspace       used 84016K, committed 85952K, reserved 1179648K
  class space    used 8436K, committed 9280K, reserved 1048576K
}
Event: 466.115 GC heap after
{Heap after GC invocations=2035 (full 5):
 PSYoungGen      total 5632K, used 500K [0x00000000d5580000, 0x00000000d5e00000, 0x0000000100000000)
  eden space 5120K, 0% used [0x00000000d5580000,0x00000000d5580000,0x00000000d5a80000)
  from space 512K, 97% used [0x00000000d5d80000,0x00000000d5dfd200,0x00000000d5e00000)
  to   space 1536K, 0% used [0x00000000d5b00000,0x00000000d5b00000,0x00000000d5c80000)
 ParOldGen       total 1367552K, used 1367456K [0x0000000080000000, 0x00000000d3780000, 0x00000000d5580000)
  object space 1367552K, 99% used [0x0000000080000000,0x00000000d37681f8,0x00000000d3780000)
 Metaspace       used 84016K, committed 85952K, reserved 1179648K
  class space    used 8436K, committed 9280K, reserved 1048576K
}
Event: 466.386 GC heap before
{Heap before GC invocations=2036 (full 5):
 PSYoungGen      total 5632K, used 5620K [0x00000000d5580000, 0x00000000d5e00000, 0x0000000100000000)
  eden space 5120K, 100% used [0x00000000d5580000,0x00000000d5a80000,0x00000000d5a80000)
  from space 512K, 97% used [0x00000000d5d80000,0x00000000d5dfd200,0x00000000d5e00000)
  to   space 1536K, 0% used [0x00000000d5b00000,0x00000000d5b00000,0x00000000d5c80000)
 ParOldGen       total 1367552K, used 1367456K [0x0000000080000000, 0x00000000d3780000, 0x00000000d5580000)
  object space 1367552K, 99% used [0x0000000080000000,0x00000000d37681f8,0x00000000d3780000)
 Metaspace       used 84016K, committed 85952K, reserved 1179648K
  class space    used 8436K, committed 9280K, reserved 1048576K
}
Event: 466.387 GC heap after
{Heap after GC invocations=2036 (full 5):
 PSYoungGen      total 6656K, used 352K [0x00000000d5580000, 0x00000000d5e00000, 0x0000000100000000)
  eden space 5120K, 0% used [0x00000000d5580000,0x00000000d5580000,0x00000000d5a80000)
  from space 1536K, 22% used [0x00000000d5b00000,0x00000000d5b58000,0x00000000d5c80000)
  to   space 1024K, 0% used [0x00000000d5d00000,0x00000000d5d00000,0x00000000d5e00000)
 ParOldGen       total 1368064K, used 1367929K [0x0000000080000000, 0x00000000d3800000, 0x00000000d5580000)
  object space 1368064K, 99% used [0x0000000080000000,0x00000000d37de408,0x00000000d3800000)
 Metaspace       used 84016K, committed 85952K, reserved 1179648K
  class space    used 8436K, committed 9280K, reserved 1048576K
}
Event: 466.840 GC heap before
{Heap before GC invocations=2037 (full 5):
 PSYoungGen      total 6656K, used 5471K [0x00000000d5580000, 0x00000000d5e00000, 0x0000000100000000)
  eden space 5120K, 99% used [0x00000000d5580000,0x00000000d5a7ffb8,0x00000000d5a80000)
  from space 1536K, 22% used [0x00000000d5b00000,0x00000000d5b58000,0x00000000d5c80000)
  to   space 1024K, 0% used [0x00000000d5d00000,0x00000000d5d00000,0x00000000d5e00000)
 ParOldGen       total 1368064K, used 1367929K [0x0000000080000000, 0x00000000d3800000, 0x00000000d5580000)
  object space 1368064K, 99% used [0x0000000080000000,0x00000000d37de408,0x00000000d3800000)
 Metaspace       used 84022K, committed 85952K, reserved 1179648K
  class space    used 8436K, committed 9280K, reserved 1048576K
}
Event: 466.841 GC heap after
{Heap after GC invocations=2037 (full 5):
 PSYoungGen      total 5632K, used 288K [0x00000000d5580000, 0x00000000d5d80000, 0x0000000100000000)
  eden space 5120K, 0% used [0x00000000d5580000,0x00000000d5580000,0x00000000d5a80000)
  from space 512K, 56% used [0x00000000d5d00000,0x00000000d5d48000,0x00000000d5d80000)
  to   space 512K, 0% used [0x00000000d5c80000,0x00000000d5c80000,0x00000000d5d00000)
 ParOldGen       total 1368576K, used 1368201K [0x0000000080000000, 0x00000000d3880000, 0x00000000d5580000)
  object space 1368576K, 99% used [0x0000000080000000,0x00000000d3822408,0x00000000d3880000)
 Metaspace       used 84022K, committed 85952K, reserved 1179648K
  class space    used 8436K, committed 9280K, reserved 1048576K
}
Event: 466.850 GC heap before
{Heap before GC invocations=2038 (full 5):
 PSYoungGen      total 5632K, used 5408K [0x00000000d5580000, 0x00000000d5d80000, 0x0000000100000000)
  eden space 5120K, 100% used [0x00000000d5580000,0x00000000d5a80000,0x00000000d5a80000)
  from space 512K, 56% used [0x00000000d5d00000,0x00000000d5d48000,0x00000000d5d80000)
  to   space 512K, 0% used [0x00000000d5c80000,0x00000000d5c80000,0x00000000d5d00000)
 ParOldGen       total 1368576K, used 1368201K [0x0000000080000000, 0x00000000d3880000, 0x00000000d5580000)
  object space 1368576K, 99% used [0x0000000080000000,0x00000000d3822408,0x00000000d3880000)
 Metaspace       used 84022K, committed 85952K, reserved 1179648K
  class space    used 8436K, committed 9280K, reserved 1048576K
}
Event: 466.852 GC heap after
{Heap after GC invocations=2038 (full 5):
 PSYoungGen      total 5632K, used 500K [0x00000000d5580000, 0x00000000d6380000, 0x0000000100000000)
  eden space 5120K, 0% used [0x00000000d5580000,0x00000000d5580000,0x00000000d5a80000)
  from space 512K, 97% used [0x00000000d5c80000,0x00000000d5cfd260,0x00000000d5d00000)
  to   space 4608K, 0% used [0x00000000d5f00000,0x00000000d5f00000,0x00000000d6380000)
 ParOldGen       total 1371648K, used 1371383K [0x0000000080000000, 0x00000000d3b80000, 0x00000000d5580000)
  object space 1371648K, 99% used [0x0000000080000000,0x00000000d3b3dfb8,0x00000000d3b80000)
 Metaspace       used 84022K, committed 85952K, reserved 1179648K
  class space    used 8436K, committed 9280K, reserved 1048576K
}
Event: 466.872 GC heap before
{Heap before GC invocations=2039 (full 5):
 PSYoungGen      total 5632K, used 2686K [0x00000000d5580000, 0x00000000d6380000, 0x0000000100000000)
  eden space 5120K, 42% used [0x00000000d5580000,0x00000000d57a2970,0x00000000d5a80000)
  from space 512K, 97% used [0x00000000d5c80000,0x00000000d5cfd260,0x00000000d5d00000)
  to   space 4608K, 0% used [0x00000000d5f00000,0x00000000d5f00000,0x00000000d6380000)
 ParOldGen       total 1398272K, used 1390583K [0x0000000080000000, 0x00000000d5580000, 0x00000000d5580000)
  object space 1398272K, 99% used [0x0000000080000000,0x00000000d4dfdfd8,0x00000000d5580000)
 Metaspace       used 84023K, committed 85952K, reserved 1179648K
  class space    used 8436K, committed 9280K, reserved 1048576K
}
Event: 466.873 GC heap after
{Heap after GC invocations=2039 (full 5):
 PSYoungGen      total 5632K, used 416K [0x00000000d5580000, 0x00000000d5f80000, 0x0000000100000000)
  eden space 5120K, 0% used [0x00000000d5580000,0x00000000d5580000,0x00000000d5a80000)
  from space 512K, 81% used [0x00000000d5f00000,0x00000000d5f68000,0x00000000d5f80000)
  to   space 2048K, 0% used [0x00000000d5b80000,0x00000000d5b80000,0x00000000d5d80000)
 ParOldGen       total 1398272K, used 1390679K [0x0000000080000000, 0x00000000d5580000, 0x00000000d5580000)
  object space 1398272K, 99% used [0x0000000080000000,0x00000000d4e15fd8,0x00000000d5580000)
 Metaspace       used 84023K, committed 85952K, reserved 1179648K
  class space    used 8436K, committed 9280K, reserved 1048576K
}
Event: 466.873 GC heap before
{Heap before GC invocations=2040 (full 5):
 PSYoungGen      total 5632K, used 416K [0x00000000d5580000, 0x00000000d5f80000, 0x0000000100000000)
  eden space 5120K, 0% used [0x00000000d5580000,0x00000000d5580000,0x00000000d5a80000)
  from space 512K, 81% used [0x00000000d5f00000,0x00000000d5f68000,0x00000000d5f80000)
  to   space 2048K, 0% used [0x00000000d5b80000,0x00000000d5b80000,0x00000000d5d80000)
 ParOldGen       total 1398272K, used 1390679K [0x0000000080000000, 0x00000000d5580000, 0x00000000d5580000)
  object space 1398272K, 99% used [0x0000000080000000,0x00000000d4e15fd8,0x00000000d5580000)
 Metaspace       used 84023K, committed 85952K, reserved 1179648K
  class space    used 8436K, committed 9280K, reserved 1048576K
}
Event: 466.874 GC heap after
{Heap after GC invocations=2040 (full 5):
 PSYoungGen      total 8192K, used 0K [0x00000000d5580000, 0x00000000d5f80000, 0x0000000100000000)
  eden space 6144K, 0% used [0x00000000d5580000,0x00000000d5580000,0x00000000d5b80000)
  from space 2048K, 0% used [0x00000000d5b80000,0x00000000d5b80000,0x00000000d5d80000)
  to   space 512K, 0% used [0x00000000d5f00000,0x00000000d5f00000,0x00000000d5f80000)
 ParOldGen       total 1398272K, used 1391020K [0x0000000080000000, 0x00000000d5580000, 0x00000000d5580000)
  object space 1398272K, 99% used [0x0000000080000000,0x00000000d4e6b028,0x00000000d5580000)
 Metaspace       used 84023K, committed 85952K, reserved 1179648K
  class space    used 8436K, committed 9280K, reserved 1048576K
}
Event: 466.874 GC heap before
{Heap before GC invocations=2041 (full 6):
 PSYoungGen      total 8192K, used 0K [0x00000000d5580000, 0x00000000d5f80000, 0x0000000100000000)
  eden space 6144K, 0% used [0x00000000d5580000,0x00000000d5580000,0x00000000d5b80000)
  from space 2048K, 0% used [0x00000000d5b80000,0x00000000d5b80000,0x00000000d5d80000)
  to   space 512K, 0% used [0x00000000d5f00000,0x00000000d5f00000,0x00000000d5f80000)
 ParOldGen       total 1398272K, used 1391020K [0x0000000080000000, 0x00000000d5580000, 0x00000000d5580000)
  object space 1398272K, 99% used [0x0000000080000000,0x00000000d4e6b028,0x00000000d5580000)
 Metaspace       used 84023K, committed 85952K, reserved 1179648K
  class space    used 8436K, committed 9280K, reserved 1048576K
}

